<?xml version="1.0" encoding="UTF-8"?>
<!-- Generated by org.testng.reporters.JUnitXMLReporter -->
<testsuite ignored="0" hostname="USPUNKAINGAL12" failures="0" tests="3" name="Default test" time="5.325" errors="0" timestamp="2025-07-13T16:21:53 IST">
  <testcase classname="com.api.tests.TC_03_Assign3_CreateUsersDDTest" name="createUsersDataDriven" time="2.826"/>
  <testcase classname="com.api.tests.TC_03_Assign3_CreateUsersDDTest" name="createUsersDataDriven" time="0.853"/>
  <testcase classname="com.api.tests.TC_03_Assign3_CreateUsersDDTest" name="createUsersDataDriven" time="0.804"/>
</testsuite> <!-- Default test -->
