<?xml version="1.0" encoding="UTF-8"?>
<!-- Generated by org.testng.reporters.JUnitXMLReporter -->
<testsuite ignored="0" hostname="USPUNKAINGAL12" failures="0" tests="10" name="Test" time="13.743" errors="0" timestamp="2025-07-16T14:30:48 IST">
  <testcase classname="com.api.tests.TC_01_Assign1_CrudUserTest" name="createUserTest" time="4.974"/>
  <testcase classname="com.api.tests.TC_01_Assign1_CrudUserTest" name="readUserById" time="0.128"/>
  <testcase classname="com.api.tests.TC_01_Assign1_CrudUserTest" name="updateUserTest" time="1.289"/>
  <testcase classname="com.api.tests.TC_01_Assign1_CrudUserTest" name="deleteUserTest" time="0.977"/>
  <testcase classname="com.api.tests.TC_02_Assign2_AuthorizationTest" name="verifyAuthorizationTest" time="2.11"/>
  <testcase classname="com.api.tests.TC_03_Assign3_CreateUsersDDTest" name="createUsersDataDriven" time="0.783"/>
  <testcase classname="com.api.tests.TC_03_Assign3_CreateUsersDDTest" name="createUsersDataDriven" time="1.537"/>
  <testcase classname="com.api.tests.TC_03_Assign3_CreateUsersDDTest" name="createUsersDataDriven" time="0.301"/>
  <testcase classname="com.api.tests.TC_04_Assign4_QueryParamTest" name="verifyAuthorizationTest" time="0.078"/>
  <testcase classname="com.api.tests.TC_05_Assign5_CustomHeaderAndCookiesTest" name="verifyAuthorizationTest" time="0.092"/>
</testsuite> <!-- Test -->
